<?xml version="1.0" encoding="UTF-8"?>
<!-- Generated by org.testng.reporters.JUnitReportReporter -->
<testsuite hostname="runnervmvrwv9" failures="0" tests="5" name="tests.RegisterTest" time="21.264" errors="0" timestamp="2026-08-02T09:09:08 UTC" skipped="0">
  <testcase classname="tests.RegisterTest" name="testRegisterFormDisplayed" time="2.002"/>
  <testcase classname="tests.RegisterTest" name="testEmptyRegistration" time="1.387"/>
  <testcase classname="tests.RegisterTest" name="testValidRegistration" time="2.418"/>
  <testcase classname="tests.RegisterTest" name="testDuplicateUsername" time="12.121"/>
  <testcase classname="tests.RegisterTest" name="testRegisterThenLogin" time="3.336"/>
</testsuite> <!-- tests.RegisterTest -->
