<?xml version="1.0" encoding="UTF-8"?>
<!-- Generated by org.testng.reporters.JUnitReportReporter -->
<testsuite hostname="runnervmvrwv9" failures="0" tests="12" name="tests.DataDrivenLoginTest" time="18.548" errors="0" timestamp="2026-08-02T08:53:47 UTC" skipped="0">
  <testcase classname="tests.DataDrivenLoginTest" name="testLoginFromExcel" time="1.113"/>
  <testcase classname="tests.DataDrivenLoginTest" name="testLoginFromExcel" time="1.017"/>
  <testcase classname="tests.DataDrivenLoginTest" name="testLoginFromExcel" time="1.262"/>
  <testcase classname="tests.DataDrivenLoginTest" name="testLoginFromExcel" time="1.327"/>
  <testcase classname="tests.DataDrivenLoginTest" name="testLoginFromExcel" time="3.160"/>
  <testcase classname="tests.DataDrivenLoginTest" name="testLoginFromExcel" time="0.877"/>
  <testcase classname="tests.DataDrivenLoginTest" name="testLoginFromExcel" time="2.263"/>
  <testcase classname="tests.DataDrivenLoginTest" name="testLoginFromExcel" time="0.986"/>
  <testcase classname="tests.DataDrivenLoginTest" name="testLoginFromExcel" time="1.257"/>
  <testcase classname="tests.DataDrivenLoginTest" name="testLoginFromExcel" time="0.958"/>
  <testcase classname="tests.DataDrivenLoginTest" name="testLoginFromExcel" time="0.953"/>
  <testcase classname="tests.DataDrivenLoginTest" name="testLoginFromExcel" time="3.375"/>
</testsuite> <!-- tests.DataDrivenLoginTest -->
