<?xml version="1.0" encoding="UTF-8"?>
<!-- Generated by org.testng.reporters.JUnitReportReporter -->
<testsuite hostname="runnervmvrwv9" failures="0" tests="10" name="tests.LoginTest" time="12.796" errors="0" timestamp="2026-08-02T08:53:47 UTC" skipped="3">
  <testcase classname="tests.LoginTest" name="testLoginFormDisplayed" time="0.700"/>
  <testcase classname="tests.LoginTest" name="testEmptyBothFields" time="0.883"/>
  <testcase classname="tests.LoginTest" name="testEmptyUsername" time="0.999"/>
  <testcase classname="tests.LoginTest" name="testEmptyPassword" time="0.965"/>
  <testcase classname="tests.LoginTest" name="testInvalidLogin" time="1.370">
    <skipped/>
  </testcase> <!-- testInvalidLogin -->
  <testcase classname="tests.LoginTest" name="testInvalidUsername" time="1.585">
    <skipped/>
  </testcase> <!-- testInvalidUsername -->
  <testcase classname="tests.LoginTest" name="testInvalidPassword" time="1.329">
    <skipped/>
  </testcase> <!-- testInvalidPassword -->
  <testcase classname="tests.LoginTest" name="testRegisterLink" time="0.910"/>
  <testcase classname="tests.LoginTest" name="testForgotLoginLink" time="0.875"/>
  <testcase classname="tests.LoginTest" name="testValidLogin" time="3.180"/>
</testsuite> <!-- tests.LoginTest -->
