<?xml version="1.0" encoding="UTF-8"?>
<!-- Generated by org.testng.reporters.JUnitReportReporter -->
<testsuite hostname="runnervmvrwv9" failures="0" tests="7" name="tests.TransferFundsTest" time="35.415" errors="0" timestamp="2026-08-02T08:53:47 UTC" skipped="0">
  <testcase classname="tests.TransferFundsTest" name="testTransferPageDisplayed" time="1.947"/>
  <testcase classname="tests.TransferFundsTest" name="testTransferFormDisplayed" time="1.941"/>
  <testcase classname="tests.TransferFundsTest" name="testFromAccountHasOptions" time="2.155"/>
  <testcase classname="tests.TransferFundsTest" name="testTransferEmptyAmount" time="18.389"/>
  <testcase classname="tests.TransferFundsTest" name="testTransferInvalidAmount" time="3.402"/>
  <testcase classname="tests.TransferFundsTest" name="testTransferSuccessMessage" time="3.094"/>
  <testcase classname="tests.TransferFundsTest" name="testTransferAndVerifyBalance" time="4.487"/>
</testsuite> <!-- tests.TransferFundsTest -->
