<?xml version="1.0" encoding="UTF-8"?>
<!-- Generated by org.testng.reporters.JUnitReportReporter -->
<testsuite hostname="runnervmvrwv9" failures="0" tests="7" name="tests.AccountsOverviewTest" time="11.835" errors="0" timestamp="2026-08-02T08:28:07 UTC" skipped="0">
  <testcase classname="tests.AccountsOverviewTest" name="testPageTitle" time="1.509"/>
  <testcase classname="tests.AccountsOverviewTest" name="testAccountsTableDisplayed" time="1.473"/>
  <testcase classname="tests.AccountsOverviewTest" name="testAccountExists" time="1.699"/>
  <testcase classname="tests.AccountsOverviewTest" name="testAccountNumberDisplayed" time="1.868"/>
  <testcase classname="tests.AccountsOverviewTest" name="testTotalBalanceDisplayed" time="1.789"/>
  <testcase classname="tests.AccountsOverviewTest" name="testTransferFundsLink" time="1.738"/>
  <testcase classname="tests.AccountsOverviewTest" name="testLogOut" time="1.759"/>
</testsuite> <!-- tests.AccountsOverviewTest -->
