<?xml version="1.0" encoding="UTF-8"?>
<!-- Generated by org.testng.reporters.JUnitReportReporter -->
<testsuite hostname="runnervmvrwv9" failures="0" tests="5" name="tests.RegisterTest" time="12.185" errors="0" timestamp="2026-08-03T04:20:47 UTC" skipped="0">
  <testcase classname="tests.RegisterTest" name="testRegisterFormDisplayed" time="1.383"/>
  <testcase classname="tests.RegisterTest" name="testEmptyRegistration" time="2.889"/>
  <testcase classname="tests.RegisterTest" name="testValidRegistration" time="1.884"/>
  <testcase classname="tests.RegisterTest" name="testDuplicateUsername" time="3.022"/>
  <testcase classname="tests.RegisterTest" name="testRegisterThenLogin" time="3.007"/>
</testsuite> <!-- tests.RegisterTest -->
