<?xml version="1.0" encoding="UTF-8"?>
<testng-results ignored="0" total="1" passed="1" failed="0" skipped="0">
  <reporter-output>
  </reporter-output>
  <suite started-at="2026-07-24T10:39:22 IST" name="Default suite" finished-at="2026-07-24T10:39:29 IST" duration-ms="7372">
    <groups>
    </groups>
    <test started-at="2026-07-24T10:39:22 IST" name="Default test" finished-at="2026-07-24T10:39:29 IST" duration-ms="7372">
      <class name="com.parabank.api.tests.LoginApiTest">
        <test-method is-config="true" signature="apiSetup()[pri:0, instance:com.parabank.api.tests.LoginApiTest@1a5a4e19]" started-at="2026-07-24T10:39:22 IST" name="apiSetup" finished-at="2026-07-24T10:39:22 IST" duration-ms="797" status="PASS">
          <reporter-output>
          </reporter-output>
        </test-method> <!-- apiSetup -->
        <test-method signature="loginWithValidCredentials_returnsCustomer()[pri:0, instance:com.parabank.api.tests.LoginApiTest@1a5a4e19]" started-at="2026-07-24T10:39:23 IST" name="loginWithValidCredentials_returnsCustomer" finished-at="2026-07-24T10:39:29 IST" duration-ms="6301" status="PASS">
          <reporter-output>
          </reporter-output>
        </test-method> <!-- loginWithValidCredentials_returnsCustomer -->
      </class> <!-- com.parabank.api.tests.LoginApiTest -->
    </test> <!-- Default test -->
  </suite> <!-- Default suite -->
</testng-results>
