<?xml version="1.0" encoding="UTF-8"?>
<!-- Generated by org.testng.reporters.JUnitReportReporter -->
<testsuite hostname="hp_2025" failures="0" tests="4" name="tests.EndToEndTest" time="212.211" errors="0" timestamp="2026-05-29T14:08:28 IST" skipped="0">
  <testcase classname="tests.EndToEndTest" name="testNewCustomerOnboarding" time="41.288"/>
  <testcase classname="tests.EndToEndTest" name="testFundTransferFlow" time="43.795"/>
  <testcase classname="tests.EndToEndTest" name="testBillPaymentFlow" time="63.451"/>
  <testcase classname="tests.EndToEndTest" name="testCompleteBankingSession" time="63.677"/>
</testsuite> <!-- tests.EndToEndTest -->
